Vivado Simulator v2025.1.0
Copyright 1986-2022 Xilinx, Inc. All Rights Reserved.
Copyright 2022-2025 Advanced Micro Devices, Inc. All Rights Reserved.
Running: C:/Xilinx/2025.1/Vivado/bin/unwrapped/win64.o/xelab.exe --incr --debug typical --relax --mt 2 -L xil_defaultlib -L uvm -L unisims_ver -L unimacro_ver -L secureip --snapshot tb_myip_behav xil_defaultlib.tb_myip xil_defaultlib.glbl -log elaborate.log 
Using 2 slave threads.
WARNING: [XSIM 43-3431] One or more environment variables have been detected which affect the operation of the C compiler. These are typically not set in standard installations and are not tested by AMD, however they may be appropriate for your system, so the flow will attempt to continue.  If errors occur, try running xelab with the "-mt off -v 1" switches to see more information from the C compiler. The following environment variables have been detected:
Starting static elaboration
Pass Through NonSizing Optimizer
WARNING: [VRFC 10-5021] port 's00_axi_awaddr' is not connected on this instance [C:/work/github/AXI_image/AXI-Image_ip-workspace/axi/tb/tb_myip.sv:25]
Completed static elaboration
Starting simulation data flow analysis
Completed simulation data flow analysis
Time Resolution for simulation is 1ps
Compiling module xil_defaultlib.myip_slave_lite_v1_0_S00_AXI_def...
Compiling module xil_defaultlib.my_image_ip_v1_0_S00_AXIS
Compiling module xil_defaultlib.skid_buffer
Compiling module xil_defaultlib.my_image_ip_v1_0_M00_AXIS
Compiling module xil_defaultlib.myip_v1_0
Compiling module xil_defaultlib.tb_myip
Compiling module xil_defaultlib.glbl
Built simulation snapshot tb_myip_behav
